  Graph.cpp
C:\Users\user\Desktop\Project 4\code\src\Graph.cpp(1,1): warning C4819: 현재 코드 페이지(949)에서 표시할 수 없는 문자가 파일에 들어 있습니다. 데이터가 손실되지 않게 하려면 해당 파일을 유니코드 형식으로 저장하십시오.
C:\Users\user\Desktop\Project 4\code\include\Graph.h(1,1): warning C4819: 현재 코드 페이지(949)에서 표시할 수 없는 문자가 파일에 들어 있습니다. 데이터가 손실되지 않게 하려면 해당 파일을 유니코드 형식으로 저장하십시오.
  (소스 파일 '../../Project%204/code/src/Graph.cpp'을(를) 컴파일하는 중)
  
C:\Users\user\Desktop\Project 4\code\include\MapParser.h(1,1): warning C4819: 현재 코드 페이지(949)에서 표시할 수 없는 문자가 파일에 들어 있습니다. 데이터가 손실되지 않게 하려면 해당 파일을 유니코드 형식으로 저장하십시오.
  (소스 파일 '../../Project%204/code/src/Graph.cpp'을(를) 컴파일하는 중)
  
  MapParser.cpp
C:\Users\user\Desktop\Project 4\code\src\MapParser.cpp(1,1): warning C4819: 현재 코드 페이지(949)에서 표시할 수 없는 문자가 파일에 들어 있습니다. 데이터가 손실되지 않게 하려면 해당 파일을 유니코드 형식으로 저장하십시오.
C:\Users\user\Desktop\Project 4\code\include\MapParser.h(1,1): warning C4819: 현재 코드 페이지(949)에서 표시할 수 없는 문자가 파일에 들어 있습니다. 데이터가 손실되지 않게 하려면 해당 파일을 유니코드 형식으로 저장하십시오.
  (소스 파일 '../../Project%204/code/src/MapParser.cpp'을(를) 컴파일하는 중)
  
  RRT.cpp
C:\Users\user\Desktop\Project 4\code\include\MapParser.h(1,1): warning C4819: 현재 코드 페이지(949)에서 표시할 수 없는 문자가 파일에 들어 있습니다. 데이터가 손실되지 않게 하려면 해당 파일을 유니코드 형식으로 저장하십시오.
  (소스 파일 '../../Project%204/code/src/RRT.cpp'을(를) 컴파일하는 중)
  
  main.cpp
C:\Users\user\Desktop\Project 4\code\include\Graph.h(1,1): warning C4819: 현재 코드 페이지(949)에서 표시할 수 없는 문자가 파일에 들어 있습니다. 데이터가 손실되지 않게 하려면 해당 파일을 유니코드 형식으로 저장하십시오.
  (소스 파일 '../../Project%204/code/src/main.cpp'을(를) 컴파일하는 중)
  
C:\Users\user\Desktop\Project 4\code\include\MapParser.h(1,1): warning C4819: 현재 코드 페이지(949)에서 표시할 수 없는 문자가 파일에 들어 있습니다. 데이터가 손실되지 않게 하려면 해당 파일을 유니코드 형식으로 저장하십시오.
  (소스 파일 '../../Project%204/code/src/main.cpp'을(를) 컴파일하는 중)
  
  코드를 생성하고 있습니다...
  Project_4.vcxproj -> C:\Users\user\Desktop\Project_4\x64\Debug\Project_4.exe
